#
# A fatal error has been detected by the Java Runtime Environment:
#
#  EXCEPTION_ACCESS_VIOLATION (0xc0000005) at pc=0x00007ffe98105fa0, pid=4272, tid=14028
#
# JRE version: OpenJDK Runtime Environment (19.0.1+11) (build 19.0.1+11)
# Java VM: OpenJDK 64-Bit Server VM (19.0.1+11, mixed mode, sharing, tiered, compressed oops, compressed class ptrs, g1 gc, windows-amd64)
# Problematic frame:
# C  [glass.dll+0x25fa0]
#
# No core dump will be written. Minidumps are not enabled by default on client versions of Windows
#
# If you would like to submit a bug report, please visit:
#   https://bell-sw.com/support
#

---------------  S U M M A R Y ------------

Command Line: -javaagent:C:\Program Files\JetBrains\IntelliJ IDEA 2022.2.2\lib\idea_rt.jar=50602:C:\Program Files\JetBrains\IntelliJ IDEA 2022.2.2\bin -Dfile.encoding=UTF-8 -Dsun.stdout.encoding=UTF-8 -Dsun.stderr.encoding=UTF-8 Main

Host: AMD Ryzen 5 5600 6-Core Processor              , 12 cores, 31G,  Windows 11 , 64 bit Build 22621 (10.0.22621.755)
Time: Sun Dec 11 17:08:56 2022 Rom, normaltid elapsed time: 81.074946 seconds (0d 0h 1m 21s)

---------------  T H R E A D  ---------------

Current thread (0x000002b93f1f1bb0):  VMThread "VM Thread" [stack: 0x000000f9e1700000,0x000000f9e1800000] [id=14028]

Stack: [0x000000f9e1700000,0x000000f9e1800000],  sp=0x000000f9e17fec80,  free space=1019k
Native frames: (J=compiled Java code, j=interpreted, Vv=VM code, C=native code)
C  [glass.dll+0x25fa0]


siginfo: EXCEPTION_ACCESS_VIOLATION (0xc0000005), reading address 0x0000000000000000


Registers:
RAX=0x0000000000000000, RBX=0x000002b93f201d38, RCX=0x000002b93f1f1bb0, RDX=0x000000f9e17fec80
RSP=0x000000f9e17fec80, RBP=0x000002b944287d98, RSI=0x000000f9e17fed98, RDI=0x000002b944287d70
R8 =0x0000000000010002, R9 =0x000002b944287d70, R10=0x85f13e9656da4870, R11=0x000000f9e17fec20
R12=0x00007ffe98103434, R13=0x00007ffe62f70660, R14=0x00005d9848b84952, R15=0x000002b944287d70
RIP=0x00007ffe98105fa0, EFLAGS=0x0000000000010206


Register to memory mapping:

RIP=0x00007ffe98105fa0 glass.dll
RAX=0x0 is NULL
RBX=0x000002b93f201d38 is a global jni handle
RCX=0x000002b93f1f1bb0 points into unknown readable memory: 0x00007ffe62d74088 | 88 40 d7 62 fe 7f 00 00
RDX=0x000000f9e17fec80 points into unknown readable memory: 0x0000000000000000 | 00 00 00 00 00 00 00 00
RSP=0x000000f9e17fec80 points into unknown readable memory: 0x0000000000000000 | 00 00 00 00 00 00 00 00
RBP=0x000002b944287d98 points into unknown readable memory: 0x00005d9848b84952 | 52 49 b8 48 98 5d 00 00
RSI=0x000000f9e17fed98 points into unknown readable memory: 0x000000f9e17fed80 | 80 ed 7f e1 f9 00 00 00
RDI=0x000002b944287d70 points into unknown readable memory: 0xfffa3dd8f4c84953 | 53 49 c8 f4 d8 3d fa ff
R8 =0x0000000000010002 is an unknown value
R9 =0x000002b944287d70 points into unknown readable memory: 0xfffa3dd8f4c84953 | 53 49 c8 f4 d8 3d fa ff
R10=0x85f13e9656da4870 is an unknown value
R11=0x000000f9e17fec20 points into unknown readable memory: 0x000002b944287d70 | 70 7d 28 44 b9 02 00 00
R12=0x00007ffe98103434 glass.dll
R13=0x00007ffe62f70660 jvm.dll
R14=0x00005d9848b84952 is an unknown value
R15=0x000002b944287d70 points into unknown readable memory: 0xfffa3dd8f4c84953 | 53 49 c8 f4 d8 3d fa ff


Top of Stack: (sp=0x000000f9e17fec80)
0x000000f9e17fec80:   0000000000000000 00007ffec06737eb
0x000000f9e17fec90:   000002b944287d80 000000f9e17fed98
0x000000f9e17feca0:   fffffffffffffffe 00007ffe98103434
0x000000f9e17fecb0:   000002b944287d78 00007ffec06b3a83
0x000000f9e17fecc0:   000002b944287d80 000000f900000000
0x000000f9e17fecd0:   000002b944287d98 000000f9e17fed98
0x000000f9e17fece0:   fffffffffffffffe 0000000000000000
0x000000f9e17fecf0:   0000000000000001 00007ffe980e0000
0x000000f9e17fed00:   000000f9e17fed88 00007ffec068006e
0x000000f9e17fed10:   0000000000000000 000000f9e17fed98
0x000000f9e17fed20:   000000f9e17ff070 0000000000000001
0x000000f9e17fed30:   0000000000000000 00007ffec067da1d
0x000000f9e17fed40:   0000000000000000 00007ffe98102b09
0x000000f9e17fed50:   000000000000000d 000000f9e17fed88
0x000000f9e17fed60:   fffffffffffffffe 00007ffec2ed6cf7
0x000000f9e17fed70:   0000000000000000 00007ffe981032c2 

Instructions: (pc=0x00007ffe98105fa0)
0x00007ffe98105ea0:   8b 4d 60 e8 a4 c9 ff ff 48 8b 55 68 48 8b 8d 08
0x00007ffe98105eb0:   01 00 00 e8 79 be ff ff 33 d2 33 c9 e8 49 de ff
0x00007ffe98105ec0:   ff 90 cc cc cc cc cc cc cc cc cc cc cc cc cc cc
0x00007ffe98105ed0:   48 8d 8a 80 00 00 00 e9 74 ef fe ff 48 89 54 24
0x00007ffe98105ee0:   10 55 48 83 ec 20 48 8b ea 48 8d 05 dd ca ff ff
0x00007ffe98105ef0:   48 83 c4 20 5d c3 cc 40 55 48 8b ea 48 8b 01 33
0x00007ffe98105f00:   c9 81 38 05 00 00 c0 0f 94 c1 8b c1 5d c3 cc 40
0x00007ffe98105f10:   55 48 83 ec 20 48 8b ea 8a 4d 40 48 83 c4 20 5d
0x00007ffe98105f20:   e9 df cd ff ff cc 40 55 48 83 ec 20 48 8b ea e8
0x00007ffe98105f30:   fc cb ff ff 8a 4d 38 48 83 c4 20 5d e9 c3 cd ff
0x00007ffe98105f40:   ff cc 40 55 48 83 ec 30 48 8b ea 48 8b 01 8b 10
0x00007ffe98105f50:   48 89 4c 24 28 89 54 24 20 4c 8d 0d a4 d1 ff ff
0x00007ffe98105f60:   4c 8b 45 70 8b 55 68 48 8b 4d 60 e8 30 cb ff ff
0x00007ffe98105f70:   90 48 83 c4 30 5d c3 cc cc cc cc cc cc cc cc cc
0x00007ffe98105f80:   40 53 48 83 ec 30 48 c7 44 24 20 fe ff ff ff 48
0x00007ffe98105f90:   8b 1d d2 69 01 00 48 85 db 74 16 e8 b0 85 ff ff
0x00007ffe98105fa0:   4c 8b 00 48 8b d3 48 8b c8 41 ff 90 b0 00 00 00
0x00007ffe98105fb0:   90 48 83 c4 30 5b c3 cc cc cc cc cc cc cc cc cc
0x00007ffe98105fc0:   40 53 48 83 ec 20 48 8b 1d 3b 6b 01 00 48 85 db
0x00007ffe98105fd0:   74 57 b8 ff ff ff ff f0 0f c1 43 10 83 f8 01 75
0x00007ffe98105fe0:   3d 48 85 db 74 38 48 8b 0b 48 85 c9 74 0d ff 15
0x00007ffe98105ff0:   b4 12 00 00 48 c7 03 00 00 00 00 48 8b 4b 08 48
0x00007ffe98106000:   85 c9 74 0d e8 43 c8 ff ff 48 c7 43 08 00 00 00
0x00007ffe98106010:   00 ba 18 00 00 00 48 8b cb e8 2e c8 ff ff 48 c7
0x00007ffe98106020:   05 df 6a 01 00 00 00 00 00 48 83 c4 20 5b c3 cc
0x00007ffe98106030:   40 53 48 83 ec 20 48 8b 1d ab 6a 01 00 48 85 db
0x00007ffe98106040:   74 57 b8 ff ff ff ff f0 0f c1 43 10 83 f8 01 75
0x00007ffe98106050:   3d 48 85 db 74 38 48 8b 0b 48 85 c9 74 0d ff 15
0x00007ffe98106060:   44 12 00 00 48 c7 03 00 00 00 00 48 8b 4b 08 48
0x00007ffe98106070:   85 c9 74 0d e8 d3 c7 ff ff 48 c7 43 08 00 00 00
0x00007ffe98106080:   00 ba 18 00 00 00 48 8b cb e8 be c7 ff ff 48 c7
0x00007ffe98106090:   05 4f 6a 01 00 00 00 00 00 48 83 c4 20 5b c3 cc 


Stack slot to memory mapping:
stack at sp + 0 slots: 0x0 is NULL
stack at sp + 1 slots: 0x00007ffec06737eb ucrtbase.dll
stack at sp + 2 slots: 0x000002b944287d80 points into unknown readable memory: 0x00005d9848b84952 | 52 49 b8 48 98 5d 00 00
stack at sp + 3 slots: 0x000000f9e17fed98 points into unknown readable memory: 0x000000f9e17fed80 | 80 ed 7f e1 f9 00 00 00
stack at sp + 4 slots: 0xfffffffffffffffe is an unknown value
stack at sp + 5 slots: 0x00007ffe98103434 glass.dll
stack at sp + 6 slots: 0x000002b944287d78 points into unknown readable memory: 0x00005d9848b84952 | 52 49 b8 48 98 5d 00 00
stack at sp + 7 slots: 0x00007ffec06b3a83 ucrtbase.dll

VM_Operation (0x000000f9e28f70a0): Exit, mode: safepoint, requested by thread 0x000002b94428d030


---------------  P R O C E S S  ---------------

Threads class SMR info:
_java_thread_list=0x000002b95470ac80, length=20, elements={
0x000002b9114c3600, 0x000002b93f20c050, 0x000002b93f20cc20, 0x000002b93f20dc50,
0x000002b93f20e580, 0x000002b943d18260, 0x000002b943d1f0b0, 0x000002b943d1fd10,
0x000002b943d20680, 0x000002b943d2d820, 0x000002b943de6180, 0x000002b943f081a0,
0x000002b943f3f590, 0x000002b9440f5030, 0x000002b94428b860, 0x000002b94428d030,
0x000002b954199a80, 0x000002b9448fc040, 0x000002b95474fe70, 0x000002b9547513b0
}

Java Threads: ( => current thread )
  0x000002b9114c3600 JavaThread "main" [_thread_blocked, id=888, stack(0x000000f9e1100000,0x000000f9e1200000)]
  0x000002b93f20c050 JavaThread "Reference Handler" daemon [_thread_blocked, id=18712, stack(0x000000f9e1800000,0x000000f9e1900000)]
  0x000002b93f20cc20 JavaThread "Finalizer" daemon [_thread_blocked, id=19140, stack(0x000000f9e1900000,0x000000f9e1a00000)]
  0x000002b93f20dc50 JavaThread "Signal Dispatcher" daemon [_thread_blocked, id=1228, stack(0x000000f9e1a00000,0x000000f9e1b00000)]
  0x000002b93f20e580 JavaThread "Attach Listener" daemon [_thread_blocked, id=19044, stack(0x000000f9e1b00000,0x000000f9e1c00000)]
  0x000002b943d18260 JavaThread "Service Thread" daemon [_thread_blocked, id=3192, stack(0x000000f9e1c00000,0x000000f9e1d00000)]
  0x000002b943d1f0b0 JavaThread "Monitor Deflation Thread" daemon [_thread_blocked, id=4092, stack(0x000000f9e1d00000,0x000000f9e1e00000)]
  0x000002b943d1fd10 JavaThread "C2 CompilerThread0" daemon [_thread_blocked, id=3988, stack(0x000000f9e1e00000,0x000000f9e1f00000)]
  0x000002b943d20680 JavaThread "C1 CompilerThread0" daemon [_thread_blocked, id=4328, stack(0x000000f9e1f00000,0x000000f9e2000000)]
  0x000002b943d2d820 JavaThread "Sweeper thread" daemon [_thread_blocked, id=4636, stack(0x000000f9e2000000,0x000000f9e2100000)]
  0x000002b943de6180 JavaThread "Common-Cleaner" daemon [_thread_blocked, id=5684, stack(0x000000f9e2100000,0x000000f9e2200000)]
  0x000002b943f081a0 JavaThread "Monitor Ctrl-Break" daemon [_thread_in_native, id=13972, stack(0x000000f9e2300000,0x000000f9e2400000)]
  0x000002b943f3f590 JavaThread "Notification Thread" daemon [_thread_blocked, id=16016, stack(0x000000f9e2400000,0x000000f9e2500000)]
  0x000002b9440f5030 JavaThread "QuantumRenderer-0" daemon [_thread_blocked, id=14776, stack(0x000000f9e2600000,0x000000f9e2700000)]
  0x000002b94428b860 JavaThread "InvokeLaterDispatcher" daemon [_thread_blocked, id=1264, stack(0x000000f9e2700000,0x000000f9e2800000)]
  0x000002b94428d030 JavaThread "JavaFX Application Thread" [_thread_blocked, id=15664, stack(0x000000f9e2800000,0x000000f9e2900000)]
  0x000002b954199a80 JavaThread "JavaFX-Launcher" [_thread_blocked, id=6828, stack(0x000000f9e3600000,0x000000f9e3700000)]
  0x000002b9448fc040 JavaThread "Thread-2" daemon [_thread_in_native, id=17476, stack(0x000000f9e3500000,0x000000f9e3600000)]
  0x000002b95474fe70 JavaThread "Prism Font Disposer" daemon [_thread_blocked, id=17648, stack(0x000000f9e4200000,0x000000f9e4300000)]
  0x000002b9547513b0 JavaThread "Cleaner-0" daemon [_thread_blocked, id=18996, stack(0x000000f9e4800000,0x000000f9e4900000)]

Other Threads:
=>0x000002b93f1f1bb0 VMThread "VM Thread" [stack: 0x000000f9e1700000,0x000000f9e1800000] [id=14028]
  0x000002b911575240 WorkerThread "GC Thread#0" [stack: 0x000000f9e1200000,0x000000f9e1300000] [id=10236]
  0x000002b954660d50 WorkerThread "GC Thread#1" [stack: 0x000000f9e3800000,0x000000f9e3900000] [id=9464]
  0x000002b954661020 WorkerThread "GC Thread#2" [stack: 0x000000f9e3900000,0x000000f9e3a00000] [id=4152]
  0x000002b9546612f0 WorkerThread "GC Thread#3" [stack: 0x000000f9e3a00000,0x000000f9e3b00000] [id=18364]
  0x000002b9546615c0 WorkerThread "GC Thread#4" [stack: 0x000000f9e3b00000,0x000000f9e3c00000] [id=18340]
  0x000002b954663230 WorkerThread "GC Thread#5" [stack: 0x000000f9e3c00000,0x000000f9e3d00000] [id=9188]
  0x000002b954662c90 WorkerThread "GC Thread#6" [stack: 0x000000f9e3d00000,0x000000f9e3e00000] [id=10296]
  0x000002b954662f60 WorkerThread "GC Thread#7" [stack: 0x000000f9e3e00000,0x000000f9e3f00000] [id=19004]
  0x000002b954663500 WorkerThread "GC Thread#8" [stack: 0x000000f9e3f00000,0x000000f9e4000000] [id=8864]
  0x000002b9546618e0 WorkerThread "GC Thread#9" [stack: 0x000000f9e4000000,0x000000f9e4100000] [id=11888]
  0x000002b9115863f0 ConcurrentGCThread "G1 Main Marker" terminated
  0x000002b911588970 WorkerThread "G1 Conc#0" [stack: 0x000000f9e1400000,0x000000f9e1500000] [id=1956]
  0x000002b9546626f0 WorkerThread "G1 Conc#1" [stack: 0x000000f9e4600000,0x000000f9e4700000] [id=2456]
  0x000002b954662420 WorkerThread "G1 Conc#2" [stack: 0x000000f9e4700000,0x000000f9e4800000] [id=18388]
  0x000002b93f0a7230 ConcurrentGCThread "G1 Refine#0" terminated
  0x000002b93f0a7c10 ConcurrentGCThread "G1 Service" terminated

Threads with active compile tasks:

VM state: at safepoint (shutting down)

VM Mutex/Monitor currently owned by a thread:  ([mutex/lock_event])
[0x000002b9114c0990] Threads_lock - owner thread: 0x000002b93f1f1bb0
[0x000002b9114c18c0] Heap_lock - owner thread: 0x000002b94428d030

Heap address: 0x0000000601400000, size: 8172 MB, Compressed Oops mode: Zero based, Oop shift amount: 3

CDS archive(s) mapped at: [0x0000000800000000-0x0000000800c40000-0x0000000800c40000), size 12845056, SharedBaseAddress: 0x0000000800000000, ArchiveRelocationMode: 0.
Compressed class space mapped at: 0x0000000801000000-0x0000000841000000, reserved size: 1073741824
Narrow klass base: 0x0000000800000000, Narrow klass shift: 0, Narrow klass range: 0x100000000

GC Precious Log:
 CardTable entry size: 512
 Card Set container configuration: InlinePtr #cards 4 size 8 Array Of Cards #cards 32 size 80 Howl #buckets 8 coarsen threshold 7372 Howl Bitmap #cards 1024 size 144 coarsen threshold 921 Card regions per heap region 1 cards per card region 8192
 CPUs: 12 total, 12 available
 Memory: 32678M
 Large Page Support: Disabled
 NUMA Support: Disabled
 Compressed Oops: Enabled (Zero based)
 Heap Region Size: 4M
 Heap Min Capacity: 8M
 Heap Initial Capacity: 512M
 Heap Max Capacity: 8172M
 Pre-touch: Disabled
 Parallel Workers: 10
 Concurrent Workers: 3
 Concurrent Refinement Workers: 10
 Periodic GC: Disabled

Heap:
 garbage-first heap   total 57344K, used 24169K [0x0000000601400000, 0x0000000800000000)
  region size 4096K, 4 young (16384K), 1 survivors (4096K)
 Metaspace       used 28186K, committed 28608K, reserved 1114112K
  class space    used 3464K, committed 3712K, reserved 1048576K

Heap Regions: E=young(eden), S=young(survivor), O=old, HS=humongous(starts), HC=humongous(continues), CS=collection set, F=free, OA=open archive, CA=closed archive, TAMS=top-at-mark-start (previous, next)
|   0|0x0000000601400000, 0x0000000601800000, 0x0000000601800000|100%| O|  |TAMS 0x0000000601448a00, 0x0000000601400000| Untracked 
|   1|0x0000000601800000, 0x0000000601800000, 0x0000000601c00000|  0%| F|  |TAMS 0x0000000601800000, 0x0000000601800000| Untracked 
|   2|0x0000000601c00000, 0x0000000602000000, 0x0000000602000000|100%| O|  |TAMS 0x0000000601c00000, 0x0000000601c00000| Untracked 
|   3|0x0000000602000000, 0x0000000602400000, 0x0000000602400000|100%| O|  |TAMS 0x0000000602000000, 0x0000000602000000| Untracked 
|   4|0x0000000602400000, 0x000000060270d400, 0x0000000602800000| 76%| O|  |TAMS 0x0000000602400000, 0x0000000602400000| Untracked 
|   5|0x0000000602800000, 0x0000000602800000, 0x0000000602c00000|  0%| F|  |TAMS 0x0000000602800000, 0x0000000602800000| Untracked 
|   6|0x0000000602c00000, 0x0000000602c00000, 0x0000000603000000|  0%| F|  |TAMS 0x0000000602c00000, 0x0000000602c00000| Untracked 
|   7|0x0000000603000000, 0x0000000603000000, 0x0000000603400000|  0%| F|  |TAMS 0x0000000603000000, 0x0000000603000000| Untracked 
|   8|0x0000000603400000, 0x0000000603400000, 0x0000000603800000|  0%| F|  |TAMS 0x0000000603400000, 0x0000000603400000| Untracked 
|   9|0x0000000603800000, 0x0000000603800000, 0x0000000603c00000|  0%| F|  |TAMS 0x0000000603800000, 0x0000000603800000| Untracked 
|  10|0x0000000603c00000, 0x0000000603f14328, 0x0000000604000000| 76%| E|  |TAMS 0x0000000603c00000, 0x0000000603c00000| Complete 
|  11|0x0000000604000000, 0x0000000604400000, 0x0000000604400000|100%| E|CS|TAMS 0x0000000604000000, 0x0000000604000000| Complete 
| 123|0x0000000620000000, 0x000000062008d1f0, 0x0000000620400000| 13%| S|CS|TAMS 0x0000000620000000, 0x0000000620000000| Complete 
| 127|0x0000000621000000, 0x0000000621400000, 0x0000000621400000|100%| E|CS|TAMS 0x0000000621000000, 0x0000000621000000| Complete 

Card table byte_map: [0x000002b92afa0000,0x000002b92bfa0000] _byte_map_base: 0x000002b927f96000

Marking Bits (Prev, Next): (CMBitMap*) 0x000002b9115758b0, (CMBitMap*) 0x000002b911575870
 Prev Bits: [0x000002b934f50000, 0x000002b93cf00000)
 Next Bits: [0x000002b92cfa0000, 0x000002b934f50000)

Polling page: 0x000002b90f460000

Metaspace:

Usage:
  Non-class:     24.14 MB used.
      Class:      3.38 MB used.
       Both:     27.53 MB used.

Virtual space:
  Non-class space:       64.00 MB reserved,      24.31 MB ( 38%) committed,  1 nodes.
      Class space:        1.00 GB reserved,       3.63 MB ( <1%) committed,  1 nodes.
             Both:        1.06 GB reserved,      27.94 MB (  3%) committed. 

Chunk freelists:
   Non-Class:  3.70 MB
       Class:  315.00 KB
        Both:  4.01 MB

MaxMetaspaceSize: unlimited
CompressedClassSpaceSize: 1.00 GB
Initial GC threshold: 21.00 MB
Current GC threshold: 35.13 MB
CDS: on
MetaspaceReclaimPolicy: balanced
 - commit_granule_bytes: 65536.
 - commit_granule_words: 8192.
 - virtual_space_node_default_size: 8388608.
 - enlarge_chunks_in_place: 1.
 - new_chunks_are_fully_committed: 0.
 - uncommit_free_chunks: 1.
 - use_allocation_guard: 0.


Internal statistics:

num_allocs_failed_limit: 3.
num_arena_births: 466.
num_arena_deaths: 0.
num_vsnodes_births: 2.
num_vsnodes_deaths: 0.
num_space_committed: 447.
num_space_uncommitted: 0.
num_chunks_returned_to_freelist: 3.
num_chunks_taken_from_freelist: 1269.
num_chunk_merges: 3.
num_chunk_splits: 881.
num_chunks_enlarged: 668.
num_inconsistent_stats: 0.

CodeHeap 'non-profiled nmethods': size=120000Kb used=2012Kb max_used=2012Kb free=117987Kb
 bounds [0x000002b922510000, 0x000002b922780000, 0x000002b929a40000]
CodeHeap 'profiled nmethods': size=120000Kb used=9887Kb max_used=9887Kb free=110112Kb
 bounds [0x000002b91aa40000, 0x000002b91b3f0000, 0x000002b921f70000]
CodeHeap 'non-nmethods': size=5760Kb used=1623Kb max_used=1643Kb free=4136Kb
 bounds [0x000002b921f70000, 0x000002b9221e0000, 0x000002b922510000]
 total_blobs=5747 nmethods=4815 adapters=840
 compilation: enabled
              stopped_count=0, restarted_count=0
 full_count=0

Compilation events (20 events):
Event: 75.299 Thread 0x000002b943d1fd10 4807       4       java.nio.ByteBuffer::position (8 bytes)
Event: 75.300 Thread 0x000002b943d1fd10 nmethod 4807 0x000002b922706890 code [0x000002b922706a20, 0x000002b922706af8]
Event: 75.323 Thread 0x000002b943d20680 4809       3       sun.security.jca.ProviderList::getService (120 bytes)
Event: 75.324 Thread 0x000002b943d20680 nmethod 4809 0x000002b91b3e1b10 code [0x000002b91b3e1dc0, 0x000002b91b3e2a18]
Event: 75.324 Thread 0x000002b943d20680 4810       3       java.math.BigInteger::montgomerySquare (49 bytes)
Event: 75.324 Thread 0x000002b943d20680 nmethod 4810 0x000002b91b3e2f90 code [0x000002b91b3e3180, 0x000002b91b3e3578]
Event: 75.324 Thread 0x000002b943d20680 4808   !   3       sun.security.jca.GetInstance::getInstance (130 bytes)
Event: 75.324 Thread 0x000002b943d20680 nmethod 4808 0x000002b91b3e3710 code [0x000002b91b3e3a40, 0x000002b91b3e4be8]
Event: 75.324 Thread 0x000002b943d1fd10 4811       4       java.math.MutableBigInteger::<init> (21 bytes)
Event: 75.325 Thread 0x000002b943d1fd10 nmethod 4811 0x000002b922706b90 code [0x000002b922706d20, 0x000002b922706e78]
Event: 75.325 Thread 0x000002b943d1fd10 4812       4       sun.security.ec.ECOperations::double4 (29 bytes)
Event: 75.326 Thread 0x000002b943d1fd10 nmethod 4812 0x000002b922706f10 code [0x000002b9227070a0, 0x000002b922707188]
Event: 75.346 Thread 0x000002b943d20680 4813       3       java.lang.Math::addExact (26 bytes)
Event: 75.346 Thread 0x000002b943d20680 nmethod 4813 0x000002b91b3e5290 code [0x000002b91b3e5440, 0x000002b91b3e5648]
Event: 75.366 Thread 0x000002b943d20680 4814       3       jdk.internal.misc.Unsafe::checkOffset (32 bytes)
Event: 75.366 Thread 0x000002b943d20680 nmethod 4814 0x000002b91b3e5710 code [0x000002b91b3e58c0, 0x000002b91b3e5b48]
Event: 75.384 Thread 0x000002b943d20680 4815       3       sun.nio.ch.Util::getTemporaryDirectBuffer (55 bytes)
Event: 75.384 Thread 0x000002b943d20680 nmethod 4815 0x000002b91b3e5c90 code [0x000002b91b3e5f20, 0x000002b91b3e6ae8]
Event: 75.384 Thread 0x000002b943d20680 4816       3       sun.nio.ch.Util$BufferCache::get (164 bytes)
Event: 75.385 Thread 0x000002b943d20680 nmethod 4816 0x000002b91b3e6e90 code [0x000002b91b3e70c0, 0x000002b91b3e7af8]

GC Heap History (8 events):
Event: 1.032 GC heap before
{Heap before GC invocations=0 (full 0):
 garbage-first heap   total 524288K, used 24576K [0x0000000601400000, 0x0000000800000000)
  region size 4096K, 6 young (24576K), 0 survivors (0K)
 Metaspace       used 13881K, committed 14144K, reserved 1114112K
  class space    used 1433K, committed 1536K, reserved 1048576K
}
Event: 1.035 GC heap after
{Heap after GC invocations=1 (full 0):
 garbage-first heap   total 524288K, used 4386K [0x0000000601400000, 0x0000000800000000)
  region size 4096K, 1 young (4096K), 1 survivors (4096K)
 Metaspace       used 13881K, committed 14144K, reserved 1114112K
  class space    used 1433K, committed 1536K, reserved 1048576K
}
Event: 1.664 GC heap before
{Heap before GC invocations=1 (full 0):
 garbage-first heap   total 524288K, used 16674K [0x0000000601400000, 0x0000000800000000)
  region size 4096K, 5 young (20480K), 1 survivors (4096K)
 Metaspace       used 21191K, committed 21504K, reserved 1114112K
  class space    used 2598K, committed 2752K, reserved 1048576K
}
Event: 1.668 GC heap after
{Heap after GC invocations=2 (full 0):
 garbage-first heap   total 524288K, used 8212K [0x0000000601400000, 0x0000000800000000)
  region size 4096K, 1 young (4096K), 1 survivors (4096K)
 Metaspace       used 21191K, committed 21504K, reserved 1114112K
  class space    used 2598K, committed 2752K, reserved 1048576K
}
Event: 40.410 GC heap before
{Heap before GC invocations=3 (full 0):
 garbage-first heap   total 57344K, used 32788K [0x0000000601400000, 0x0000000800000000)
  region size 4096K, 8 young (32768K), 1 survivors (4096K)
 Metaspace       used 27898K, committed 28224K, reserved 1114112K
  class space    used 3446K, committed 3584K, reserved 1048576K
}
Event: 40.415 GC heap after
{Heap after GC invocations=4 (full 0):
 garbage-first heap   total 57344K, used 14930K [0x0000000601400000, 0x0000000800000000)
  region size 4096K, 1 young (4096K), 1 survivors (4096K)
 Metaspace       used 27898K, committed 28224K, reserved 1114112K
  class space    used 3446K, committed 3584K, reserved 1048576K
}
Event: 49.864 GC heap before
{Heap before GC invocations=4 (full 0):
 garbage-first heap   total 57344K, used 19026K [0x0000000601400000, 0x0000000800000000)
  region size 4096K, 2 young (8192K), 1 survivors (4096K)
 Metaspace       used 27993K, committed 28352K, reserved 1114112K
  class space    used 3453K, committed 3648K, reserved 1048576K
}
Event: 49.866 GC heap after
{Heap after GC invocations=5 (full 0):
 garbage-first heap   total 57344K, used 15977K [0x0000000601400000, 0x0000000800000000)
  region size 4096K, 1 young (4096K), 1 survivors (4096K)
 Metaspace       used 27993K, committed 28352K, reserved 1114112K
  class space    used 3453K, committed 3648K, reserved 1048576K
}

Dll operation events (20 events):
Event: 0.012 Loaded shared library C:\Users\tomas\.jdks\liberica-19.0.1\bin\jsvml.dll
Event: 0.056 Loaded shared library C:\Users\tomas\.jdks\liberica-19.0.1\bin\zip.dll
Event: 0.057 Loaded shared library C:\Users\tomas\.jdks\liberica-19.0.1\bin\instrument.dll
Event: 0.065 Loaded shared library C:\Users\tomas\.jdks\liberica-19.0.1\bin\net.dll
Event: 0.066 Loaded shared library C:\Users\tomas\.jdks\liberica-19.0.1\bin\nio.dll
Event: 0.068 Loaded shared library C:\Users\tomas\.jdks\liberica-19.0.1\bin\zip.dll
Event: 0.081 Loaded shared library C:\Program Files\JetBrains\IntelliJ IDEA 2022.2.2\bin\breakgen64.dll
Event: 0.085 Loaded shared library C:\Users\tomas\.jdks\liberica-19.0.1\bin\jimage.dll
Event: 0.087 Loaded shared library C:\Users\tomas\.jdks\liberica-19.0.1\bin\extnet.dll
Event: 0.179 Loaded shared library C:\Windows\System32\ucrtbase.dll
Event: 0.179 Loaded shared library C:\Users\tomas\.jdks\liberica-19.0.1\bin\vcruntime140.dll
Event: 0.180 Loaded shared library C:\Windows\System32\vcruntime140_1.dll
Event: 0.181 Loaded shared library C:\Users\tomas\.jdks\liberica-19.0.1\bin\msvcp140.dll
Event: 0.181 Loaded shared library C:\Users\tomas\.jdks\liberica-19.0.1\bin\msvcp140_1.dll
Event: 0.182 Loaded shared library C:\Users\tomas\.jdks\liberica-19.0.1\bin\msvcp140_2.dll
Event: 0.199 Loaded shared library C:\Users\tomas\.jdks\liberica-19.0.1\bin\prism_d3d.dll
Event: 0.283 Loaded shared library C:\Users\tomas\.jdks\liberica-19.0.1\bin\glass.dll
Event: 0.686 Loaded shared library C:\Users\tomas\.jdks\liberica-19.0.1\bin\sunmscapi.dll
Event: 1.446 Loaded shared library C:\Users\tomas\.jdks\liberica-19.0.1\bin\javafx_font.dll
Event: 39.637 Loaded shared library C:\Users\tomas\.jdks\liberica-19.0.1\bin\verify.dll

Deoptimization events (20 events):
Event: 56.805 Thread 0x000002b94428d030 Uncommon trap: trap_request=0xffffffd6 fr.pc=0x000002b92269566c relative=0x0000000000000cec
Event: 56.805 Thread 0x000002b94428d030 Uncommon trap: reason=array_check action=maybe_recompile pc=0x000002b92269566c method=javafx.css.SimpleSelector.applies(Ljavafx/css/Styleable;[Ljava/util/Set;I)Z @ 37 c2
Event: 56.805 Thread 0x000002b94428d030 DEOPT PACKING pc=0x000002b92269566c sp=0x000000f9e28f6960
Event: 56.805 Thread 0x000002b94428d030 DEOPT UNPACKING pc=0x000002b921fd6da3 sp=0x000000f9e28f68a0 mode 2
Event: 56.805 Thread 0x000002b94428d030 Uncommon trap: trap_request=0xffffffd6 fr.pc=0x000002b92269566c relative=0x0000000000000cec
Event: 56.805 Thread 0x000002b94428d030 Uncommon trap: reason=array_check action=maybe_recompile pc=0x000002b92269566c method=javafx.css.SimpleSelector.applies(Ljavafx/css/Styleable;[Ljava/util/Set;I)Z @ 37 c2
Event: 56.805 Thread 0x000002b94428d030 DEOPT PACKING pc=0x000002b92269566c sp=0x000000f9e28f6960
Event: 56.805 Thread 0x000002b94428d030 DEOPT UNPACKING pc=0x000002b921fd6da3 sp=0x000000f9e28f68a0 mode 2
Event: 56.805 Thread 0x000002b94428d030 Uncommon trap: trap_request=0xffffffd6 fr.pc=0x000002b922693868 relative=0x00000000000002a8
Event: 56.805 Thread 0x000002b94428d030 Uncommon trap: reason=array_check action=maybe_recompile pc=0x000002b922693868 method=javafx.css.SimpleSelector.applies(Ljavafx/css/Styleable;[Ljava/util/Set;I)Z @ 37 c2
Event: 56.805 Thread 0x000002b94428d030 DEOPT PACKING pc=0x000002b922693868 sp=0x000000f9e28f68d0
Event: 56.805 Thread 0x000002b94428d030 DEOPT UNPACKING pc=0x000002b921fd6da3 sp=0x000000f9e28f6898 mode 2
Event: 66.267 Thread 0x000002b9440f5030 Uncommon trap: trap_request=0xffffff45 fr.pc=0x000002b9226a2908 relative=0x0000000000000088
Event: 66.267 Thread 0x000002b9440f5030 Uncommon trap: reason=unstable_if action=reinterpret pc=0x000002b9226a2908 method=java.lang.Math.round(F)I @ 23 c2
Event: 66.267 Thread 0x000002b9440f5030 DEOPT PACKING pc=0x000002b9226a2908 sp=0x000000f9e26fdbe0
Event: 66.267 Thread 0x000002b9440f5030 DEOPT UNPACKING pc=0x000002b921fd6da3 sp=0x000000f9e26fdb58 mode 2
Event: 69.183 Thread 0x000002b94428d030 Uncommon trap: trap_request=0xffffffbe fr.pc=0x000002b922703620 relative=0x0000000000000160
Event: 69.183 Thread 0x000002b94428d030 Uncommon trap: reason=profile_predicate action=maybe_recompile pc=0x000002b922703620 method=com.sun.javafx.event.CompositeEventHandler.dispatchBubblingEvent(Ljavafx/event/Event;)V @ 8 c2
Event: 69.184 Thread 0x000002b94428d030 DEOPT PACKING pc=0x000002b922703620 sp=0x000000f9e28f80a0
Event: 69.184 Thread 0x000002b94428d030 DEOPT UNPACKING pc=0x000002b921fd6da3 sp=0x000000f9e28f8030 mode 2

Classes loaded (20 events):
Event: 44.422 Loading class java/text/BreakIterator
Event: 44.422 Loading class java/text/BreakIterator done
Event: 44.423 Loading class sun/util/locale/provider/BreakIteratorProviderImpl
Event: 44.423 Loading class sun/util/locale/provider/BreakIteratorProviderImpl done
Event: 44.423 Loading class sun/text/resources/BreakIteratorInfo
Event: 44.423 Loading class sun/text/resources/BreakIteratorInfo done
Event: 44.423 Loading class sun/text/resources/BreakIteratorResources
Event: 44.423 Loading class sun/util/resources/BreakIteratorResourceBundle
Event: 44.424 Loading class sun/util/resources/BreakIteratorResourceBundle done
Event: 44.424 Loading class sun/text/resources/BreakIteratorResources done
Event: 44.424 Loading class sun/text/RuleBasedBreakIterator
Event: 44.424 Loading class sun/text/RuleBasedBreakIterator done
Event: 44.425 Loading class sun/text/CompactByteArray
Event: 44.425 Loading class sun/text/CompactByteArray done
Event: 44.425 Loading class sun/text/SupplementaryCharacterData
Event: 44.425 Loading class sun/text/SupplementaryCharacterData done
Event: 44.425 Loading class java/text/BreakIterator$BreakIteratorCache
Event: 44.425 Loading class java/text/BreakIterator$BreakIteratorCache done
Event: 44.425 Loading class java/text/StringCharacterIterator
Event: 44.425 Loading class java/text/StringCharacterIterator done

Classes unloaded (0 events):
No events

Classes redefined (0 events):
No events

Internal exceptions (20 events):
Event: 1.782 Thread 0x000002b94428d030 Exception <a 'java/io/FileNotFoundException'{0x00000006042471c8}> (0x00000006042471c8) 
thrown [s\src\hotspot\share\prims\jni.cpp, line 517]
Event: 1.782 Thread 0x000002b94428d030 Exception <a 'java/io/FileNotFoundException'{0x000000060424aee8}> (0x000000060424aee8) 
thrown [s\src\hotspot\share\prims\jni.cpp, line 517]
Event: 1.782 Thread 0x000002b94428d030 Exception <a 'java/io/FileNotFoundException'{0x000000060424bf80}> (0x000000060424bf80) 
thrown [s\src\hotspot\share\prims\jni.cpp, line 517]
Event: 1.814 Thread 0x000002b94428d030 Exception <a 'java/lang/NoSuchMethodError'{0x0000000603cfe7a0}: 'java.lang.Object java.lang.invoke.DirectMethodHandle$Holder.newInvokeSpecial(java.lang.Object, java.lang.Object, int)'> (0x0000000603cfe7a0) 
thrown [s\src\hotspot\share\interpreter\linkResolver.cpp, line 774]
Event: 1.840 Thread 0x000002b9440f5030 Exception <a 'java/lang/NoSuchMethodError'{0x0000000603e068a0}: 'int java.lang.invoke.DirectMethodHandle$Holder.invokeStaticInit(java.lang.Object, java.lang.Object)'> (0x0000000603e068a0) 
thrown [s\src\hotspot\share\interpreter\linkResolver.cpp, line 774]
Event: 1.910 Thread 0x000002b9440f5030 Exception <a 'java/lang/NoSuchMethodError'{0x0000000603fc7c98}: 'java.lang.Object java.lang.invoke.DirectMethodHandle$Holder.invokeStaticInit(java.lang.Object, int)'> (0x0000000603fc7c98) 
thrown [s\src\hotspot\share\interpreter\linkResolver.cpp, line 774]
Event: 2.135 Thread 0x000002b94428d030 Implicit null exception at 0x000002b9225ed268 to 0x000002b9225eda60
Event: 2.135 Thread 0x000002b94428d030 Implicit null exception at 0x000002b9225ed268 to 0x000002b9225eda60
Event: 2.135 Thread 0x000002b94428d030 Implicit null exception at 0x000002b9225ed268 to 0x000002b9225eda60
Event: 2.135 Thread 0x000002b94428d030 Implicit null exception at 0x000002b9225ed268 to 0x000002b9225eda60
Event: 3.253 Thread 0x000002b94428d030 Exception <a 'java/lang/NoSuchMethodError'{0x0000000603a1eb20}: 'java.lang.Object java.lang.invoke.DirectMethodHandle$Holder.newInvokeSpecial(java.lang.Object, java.lang.Object, int, int, int, int, int, java.lang.Object)'> (0x0000000603a1eb20) 
thrown [s\src\hotspot\share\interpreter\linkResolver.cpp, line 774]
Event: 3.254 Thread 0x000002b94428d030 Exception <a 'java/lang/NoSuchMethodError'{0x0000000603a31b08}: 'java.lang.Object java.lang.invoke.DirectMethodHandle$Holder.newInvokeSpecial(java.lang.Object, java.lang.Object, java.lang.Object, int, int, int, int, int)'> (0x0000000603a31b08) 
thrown [s\src\hotspot\share\interpreter\linkResolver.cpp, line 774]
Event: 3.254 Thread 0x000002b94428d030 Exception <a 'java/lang/NoSuchMethodError'{0x0000000603a395d0}: 'java.lang.Object java.lang.invoke.Invokers$Holder.linkToTargetMethod(java.lang.Object, java.lang.Object, int, int, int, int, int, java.lang.Object)'> (0x0000000603a395d0) 
thrown [s\src\hotspot\share\interpreter\linkResolver.cpp, line 774]
Event: 3.256 Thread 0x000002b94428d030 Exception <a 'java/lang/NoSuchMethodError'{0x0000000603a3f4b0}: 'long java.lang.invoke.DirectMethodHandle$Holder.invokeStatic(java.lang.Object, java.lang.Object, java.lang.Object)'> (0x0000000603a3f4b0) 
thrown [s\src\hotspot\share\interpreter\linkResolver.cpp, line 774]
Event: 3.256 Thread 0x000002b94428d030 Exception <a 'java/lang/NoSuchMethodError'{0x0000000603a42b28}: 'long java.lang.invoke.DirectMethodHandle$Holder.invokeStaticInit(java.lang.Object, java.lang.Object, java.lang.Object)'> (0x0000000603a42b28) 
thrown [s\src\hotspot\share\interpreter\linkResolver.cpp, line 774]
Event: 3.258 Thread 0x000002b94428d030 Exception <a 'java/lang/NoSuchMethodError'{0x0000000603a5afc8}: 'java.lang.Object java.lang.invoke.DirectMethodHandle$Holder.newInvokeSpecial(java.lang.Object, java.lang.Object, long)'> (0x0000000603a5afc8) 
thrown [s\src\hotspot\share\interpreter\linkResolver.cpp, line 774]
Event: 3.258 Thread 0x000002b94428d030 Exception <a 'java/lang/NoSuchMethodError'{0x0000000603a5eb50}: 'java.lang.Object java.lang.invoke.Invokers$Holder.linkToTargetMethod(java.lang.Object, long, java.lang.Object)'> (0x0000000603a5eb50) 
thrown [s\src\hotspot\share\interpreter\linkResolver.cpp, line 774]
Event: 5.406 Thread 0x000002b94428d030 Implicit null exception at 0x000002b92266d215 to 0x000002b92266d2c4
Event: 39.683 Thread 0x000002b94428d030 Exception <a 'java/lang/NoSuchMethodError'{0x0000000602c12860}: 'java.lang.Object java.lang.invoke.DirectMethodHandle$Holder.invokeStatic(java.lang.Object, int, java.lang.Object)'> (0x0000000602c12860) 
thrown [s\src\hotspot\share\interpreter\linkResolver.cpp, line 774]
Event: 39.684 Thread 0x000002b94428d030 Exception <a 'java/lang/ClassNotFoundException'{0x0000000602c24058}: sun/util/logging/resources/spi/loggingProvider> (0x0000000602c24058) 
thrown [s\src\hotspot\share\classfile\systemDictionary.cpp, line 255]

VM Operations (20 events):
Event: 55.866 Executing VM operation: Cleanup done
Event: 56.866 Executing VM operation: Cleanup
Event: 56.866 Executing VM operation: Cleanup done
Event: 57.867 Executing VM operation: Cleanup
Event: 57.867 Executing VM operation: Cleanup done
Event: 58.867 Executing VM operation: Cleanup
Event: 58.867 Executing VM operation: Cleanup done
Event: 60.868 Executing VM operation: Cleanup
Event: 60.868 Executing VM operation: Cleanup done
Event: 66.870 Executing VM operation: Cleanup
Event: 66.871 Executing VM operation: Cleanup done
Event: 68.871 Executing VM operation: Cleanup
Event: 68.871 Executing VM operation: Cleanup done
Event: 70.871 Executing VM operation: Cleanup
Event: 70.871 Executing VM operation: Cleanup done
Event: 71.872 Executing VM operation: Cleanup
Event: 71.872 Executing VM operation: Cleanup done
Event: 75.874 Executing VM operation: Cleanup
Event: 75.874 Executing VM operation: Cleanup done
Event: 80.733 Executing VM operation: Exit

Events (20 events):
Event: 1.031 Thread 0x000002b9545672b0 Thread exited: 0x000002b9545672b0
Event: 1.195 Thread 0x000002b943dffb50 Thread exited: 0x000002b943dffb50
Event: 1.455 Thread 0x000002b9546ec100 Thread added: 0x000002b9546ec100
Event: 1.469 Thread 0x000002b9548a3f30 Thread added: 0x000002b9548a3f30
Event: 1.527 Thread 0x000002b95474fe70 Thread added: 0x000002b95474fe70
Event: 1.856 Thread 0x000002b9547513b0 Thread added: 0x000002b9547513b0
Event: 2.102 Thread 0x000002b9548a3f30 Thread exited: 0x000002b9548a3f30
Event: 2.107 Thread 0x000002b9546ec100 Thread exited: 0x000002b9546ec100
Event: 2.141 Thread 0x000002b9546ec100 Thread added: 0x000002b9546ec100
Event: 2.476 Thread 0x000002b9546ec100 Thread exited: 0x000002b9546ec100
Event: 3.270 Thread 0x000002b959f56400 Thread added: 0x000002b959f56400
Event: 3.488 Thread 0x000002b959f56400 Thread exited: 0x000002b959f56400
Event: 4.958 Thread 0x000002b954b2b360 Thread added: 0x000002b954b2b360
Event: 5.255 Thread 0x000002b954b2b360 Thread exited: 0x000002b954b2b360
Event: 66.265 Thread 0x000002b9542afd50 Thread added: 0x000002b9542afd50
Event: 67.994 Thread 0x000002b9542afd50 Thread exited: 0x000002b9542afd50
Event: 80.732 Thread 0x000002b9577e47e0 Thread added: 0x000002b9577e47e0
Event: 80.732 Thread 0x000002b9577e9ce0 Thread added: 0x000002b9577e9ce0
Event: 80.733 Thread 0x000002b9577e47e0 Thread exited: 0x000002b9577e47e0
Event: 80.733 Thread 0x000002b9577e9ce0 Thread exited: 0x000002b9577e9ce0


Dynamic libraries:
0x00007ff737ba0000 - 0x00007ff737bad000 	C:\Users\tomas\.jdks\liberica-19.0.1\bin\java.exe
0x00007ffec2eb0000 - 0x00007ffec30c4000 	C:\WINDOWS\SYSTEM32\ntdll.dll
0x00007ffec1f80000 - 0x00007ffec2042000 	C:\WINDOWS\System32\KERNEL32.DLL
0x00007ffec0780000 - 0x00007ffec0b1d000 	C:\WINDOWS\System32\KERNELBASE.dll
0x00007ffec0660000 - 0x00007ffec0771000 	C:\WINDOWS\System32\ucrtbase.dll
0x00007ffea9680000 - 0x00007ffea9697000 	C:\Users\tomas\.jdks\liberica-19.0.1\bin\jli.dll
0x00007ffe9f9c0000 - 0x00007ffe9f9d5000 	C:\Users\tomas\.jdks\liberica-19.0.1\bin\VCRUNTIME140.dll
0x00007ffec1440000 - 0x00007ffec15ea000 	C:\WINDOWS\System32\USER32.dll
0x00007ffec02e0000 - 0x00007ffec0306000 	C:\WINDOWS\System32\win32u.dll
0x00007ffeabfa0000 - 0x00007ffeac22e000 	C:\WINDOWS\WinSxS\amd64_microsoft.windows.common-controls_6595b64144ccf1df_6.0.22621.608_none_a9444ca7c10bb01d\COMCTL32.dll
0x00007ffec16b0000 - 0x00007ffec16d9000 	C:\WINDOWS\System32\GDI32.dll
0x00007ffec2bc0000 - 0x00007ffec2c67000 	C:\WINDOWS\System32\msvcrt.dll
0x00007ffec0b20000 - 0x00007ffec0c32000 	C:\WINDOWS\System32\gdi32full.dll
0x00007ffec05c0000 - 0x00007ffec065a000 	C:\WINDOWS\System32\msvcp_win.dll
0x00007ffec15f0000 - 0x00007ffec1622000 	C:\WINDOWS\System32\IMM32.DLL
0x00007ffe98400000 - 0x00007ffe9849b000 	C:\Users\tomas\.jdks\liberica-19.0.1\bin\msvcp140.dll
0x00007ffe62300000 - 0x00007ffe6301b000 	C:\Users\tomas\.jdks\liberica-19.0.1\bin\server\jvm.dll
0x00007ffec1270000 - 0x00007ffec131e000 	C:\WINDOWS\System32\ADVAPI32.dll
0x00007ffec0d30000 - 0x00007ffec0dd4000 	C:\WINDOWS\System32\sechost.dll
0x00007ffec28e0000 - 0x00007ffec29f5000 	C:\WINDOWS\System32\RPCRT4.dll
0x00007ffeb7fd0000 - 0x00007ffeb7fda000 	C:\WINDOWS\SYSTEM32\VERSION.dll
0x00007ffeaa670000 - 0x00007ffeaa679000 	C:\WINDOWS\SYSTEM32\WSOCK32.dll
0x00007ffeb9c10000 - 0x00007ffeb9c44000 	C:\WINDOWS\SYSTEM32\WINMM.dll
0x00007ffec0cb0000 - 0x00007ffec0d21000 	C:\WINDOWS\System32\WS2_32.dll
0x00007ffebf350000 - 0x00007ffebf368000 	C:\WINDOWS\SYSTEM32\kernel.appcore.dll
0x00007ffea8b30000 - 0x00007ffea8b3a000 	C:\Users\tomas\.jdks\liberica-19.0.1\bin\jimage.dll
0x00007ffeb8240000 - 0x00007ffeb846e000 	C:\WINDOWS\SYSTEM32\DBGHELP.DLL
0x00007ffec2210000 - 0x00007ffec259a000 	C:\WINDOWS\System32\combase.dll
0x00007ffec2050000 - 0x00007ffec2127000 	C:\WINDOWS\System32\OLEAUT32.dll
0x00007ffeb1910000 - 0x00007ffeb1942000 	C:\WINDOWS\SYSTEM32\dbgcore.DLL
0x00007ffec0540000 - 0x00007ffec05bb000 	C:\WINDOWS\System32\bcryptPrimitives.dll
0x00007ffea6870000 - 0x00007ffea687e000 	C:\Users\tomas\.jdks\liberica-19.0.1\bin\instrument.dll
0x00007ffe9f010000 - 0x00007ffe9f036000 	C:\Users\tomas\.jdks\liberica-19.0.1\bin\java.dll
0x00007ffe95f20000 - 0x00007ffe95ff6000 	C:\Users\tomas\.jdks\liberica-19.0.1\bin\jsvml.dll
0x00007ffec1740000 - 0x00007ffec1f20000 	C:\WINDOWS\System32\SHELL32.dll
0x00007ffebe320000 - 0x00007ffebebe5000 	C:\WINDOWS\SYSTEM32\windows.storage.dll
0x00007ffebe1e0000 - 0x00007ffebe31e000 	C:\WINDOWS\SYSTEM32\wintypes.dll
0x00007ffec2c70000 - 0x00007ffec2d61000 	C:\WINDOWS\System32\SHCORE.dll
0x00007ffec1f20000 - 0x00007ffec1f7e000 	C:\WINDOWS\System32\shlwapi.dll
0x00007ffec0210000 - 0x00007ffec0231000 	C:\WINDOWS\SYSTEM32\profapi.dll
0x00007ffe9bf90000 - 0x00007ffe9bfa8000 	C:\Users\tomas\.jdks\liberica-19.0.1\bin\zip.dll
0x00007ffe9f670000 - 0x00007ffe9f683000 	C:\Users\tomas\.jdks\liberica-19.0.1\bin\net.dll
0x00007ffeb9820000 - 0x00007ffeb994f000 	C:\WINDOWS\SYSTEM32\WINHTTP.dll
0x00007ffebf820000 - 0x00007ffebf889000 	C:\WINDOWS\system32\mswsock.dll
0x00007ffe9c170000 - 0x00007ffe9c185000 	C:\Users\tomas\.jdks\liberica-19.0.1\bin\nio.dll
0x00007ffe9bc50000 - 0x00007ffe9bc6a000 	C:\Program Files\JetBrains\IntelliJ IDEA 2022.2.2\bin\breakgen64.dll
0x00007ffe9f9b0000 - 0x00007ffe9f9b8000 	C:\Users\tomas\.jdks\liberica-19.0.1\bin\extnet.dll
0x00007ffeac410000 - 0x00007ffeac41c000 	C:\Windows\System32\vcruntime140_1.dll
0x00007ffe9a310000 - 0x00007ffe9a319000 	C:\Users\tomas\.jdks\liberica-19.0.1\bin\msvcp140_1.dll
0x00007ffe98d30000 - 0x00007ffe98d62000 	C:\Users\tomas\.jdks\liberica-19.0.1\bin\msvcp140_2.dll
0x00007ffe983d0000 - 0x00007ffe983fc000 	C:\Users\tomas\.jdks\liberica-19.0.1\bin\prism_d3d.dll
0x00007ffe65660000 - 0x00007ffe65809000 	C:\WINDOWS\system32\d3d9.dll
0x00007ffebdb90000 - 0x00007ffebdbbb000 	C:\WINDOWS\SYSTEM32\dwmapi.dll
0x00007ffebda30000 - 0x00007ffebda66000 	C:\WINDOWS\SYSTEM32\dxcore.dll
0x00007ffebd920000 - 0x00007ffebd9cb000 	C:\WINDOWS\system32\uxtheme.dll
0x00007ffeb6f60000 - 0x00007ffeb711b000 	C:\WINDOWS\System32\DriverStore\FileRepository\u0385557.inf_amd64_ec9d8bb56fc39c0b\B385520\aticfx64.dll
0x00007ffe2c910000 - 0x00007ffe2e6df000 	C:\WINDOWS\System32\DriverStore\FileRepository\u0385557.inf_amd64_ec9d8bb56fc39c0b\B385520\amdxn64.dll
0x00007ffec0de0000 - 0x00007ffec125a000 	C:\WINDOWS\System32\SETUPAPI.dll
0x00007ffebda70000 - 0x00007ffebdb67000 	C:\WINDOWS\SYSTEM32\dxgi.dll
0x00007ffeb6570000 - 0x00007ffeb65a5000 	C:\WINDOWS\SYSTEM32\amdihk64.dll
0x00007ffeba970000 - 0x00007ffeba9b9000 	C:\WINDOWS\SYSTEM32\directxdatabasehelper.dll
0x00007ffe980e0000 - 0x00007ffe98125000 	C:\Users\tomas\.jdks\liberica-19.0.1\bin\glass.dll
0x00007ffec2d70000 - 0x00007ffec2e66000 	C:\WINDOWS\System32\COMDLG32.dll
0x00007ffec2740000 - 0x00007ffec28dc000 	C:\WINDOWS\System32\ole32.dll
0x00007ffec1320000 - 0x00007ffec143e000 	C:\WINDOWS\System32\MSCTF.dll
0x00007ffe9f040000 - 0x00007ffe9f057000 	C:\WINDOWS\system32\napinsp.dll
0x00007ffe9f060000 - 0x00007ffe9f07b000 	C:\WINDOWS\system32\pnrpnsp.dll
0x00007ffebeeb0000 - 0x00007ffebefa2000 	C:\WINDOWS\SYSTEM32\DNSAPI.dll
0x00007ffebee80000 - 0x00007ffebeead000 	C:\WINDOWS\SYSTEM32\IPHLPAPI.DLL
0x00007ffec1730000 - 0x00007ffec1739000 	C:\WINDOWS\System32\NSI.dll
0x00007ffea1ae0000 - 0x00007ffea1af1000 	C:\WINDOWS\System32\winrnr.dll
0x00007ffead990000 - 0x00007ffead9a5000 	C:\WINDOWS\system32\wshbth.dll
0x00007ffea1b00000 - 0x00007ffea1b21000 	C:\WINDOWS\system32\nlansp_c.dll
0x00007ffeb18d0000 - 0x00007ffeb18da000 	C:\Windows\System32\rasadhlp.dll
0x00007ffeb7f40000 - 0x00007ffeb7fc3000 	C:\WINDOWS\System32\fwpuclnt.dll
0x00007ffebfa60000 - 0x00007ffebfa7b000 	C:\WINDOWS\SYSTEM32\CRYPTSP.dll
0x00007ffebf2c0000 - 0x00007ffebf2f5000 	C:\WINDOWS\system32\rsaenh.dll
0x00007ffebf910000 - 0x00007ffebf938000 	C:\WINDOWS\SYSTEM32\USERENV.dll
0x00007ffebfca0000 - 0x00007ffebfcc8000 	C:\WINDOWS\SYSTEM32\bcrypt.dll
0x00007ffebfa80000 - 0x00007ffebfa8c000 	C:\WINDOWS\SYSTEM32\CRYPTBASE.dll
0x00007ffeb8ee0000 - 0x00007ffeb8ef9000 	C:\WINDOWS\SYSTEM32\dhcpcsvc6.DLL
0x00007ffeb8e00000 - 0x00007ffeb8e1f000 	C:\WINDOWS\SYSTEM32\dhcpcsvc.DLL
0x00007ffe9ad20000 - 0x00007ffe9ad2e000 	C:\Users\tomas\.jdks\liberica-19.0.1\bin\sunmscapi.dll
0x00007ffec03d0000 - 0x00007ffec0536000 	C:\WINDOWS\System32\CRYPT32.dll
0x00007ffebfc70000 - 0x00007ffebfc9d000 	C:\WINDOWS\SYSTEM32\ncrypt.dll
0x00007ffebfc30000 - 0x00007ffebfc67000 	C:\WINDOWS\SYSTEM32\NTASN1.dll
0x00007ffe98780000 - 0x00007ffe98794000 	C:\Users\tomas\.jdks\liberica-19.0.1\bin\javafx_font.dll
0x00007ffebc250000 - 0x00007ffebc4b7000 	C:\WINDOWS\SYSTEM32\dwrite.dll
0x00007ffec2680000 - 0x00007ffec2737000 	C:\WINDOWS\System32\clbcatq.dll
0x00007ffebbcb0000 - 0x00007ffebbe60000 	C:\WINDOWS\SYSTEM32\WindowsCodecs.dll
0x00007ffe9c0f0000 - 0x00007ffe9c14e000 	C:\WINDOWS\system32\dataexchange.dll
0x00007ffeb7120000 - 0x00007ffeb738a000 	C:\WINDOWS\system32\twinapi.appcore.dll
0x00007ffe95ee0000 - 0x00007ffe95f12000 	C:\Program Files\Common Files\Microsoft Shared\Ink\rtscom.dll
0x00007ffeab560000 - 0x00007ffeab68d000 	C:\WINDOWS\SYSTEM32\textinputframework.dll
0x00007ffebd380000 - 0x00007ffebd4b3000 	C:\WINDOWS\SYSTEM32\CoreMessaging.dll
0x00007ffeb9ec0000 - 0x00007ffeba22c000 	C:\WINDOWS\SYSTEM32\CoreUIComponents.dll
0x00007ffebc4c0000 - 0x00007ffebca81000 	C:\WINDOWS\SYSTEM32\d2d1.dll
0x00007ffebca90000 - 0x00007ffebcce7000 	C:\WINDOWS\SYSTEM32\d3d11.dll
0x00007ffeb8f00000 - 0x00007ffeb9611000 	C:\WINDOWS\SYSTEM32\D3D10Warp.dll
0x00007ffe62140000 - 0x00007ffe622fc000 	C:\WINDOWS\SYSTEM32\DUI70.dll
0x00007ffe92fd0000 - 0x00007ffe93069000 	C:\WINDOWS\SYSTEM32\DUser.dll
0x00007ffe64300000 - 0x00007ffe643a0000 	C:\Program Files\Common Files\microsoft shared\ink\tiptsf.dll
0x00007ffea1b30000 - 0x00007ffea1be0000 	C:\WINDOWS\SYSTEM32\TextShaping.dll
0x00007ffe9c5f0000 - 0x00007ffe9c618000 	C:\WINDOWS\SYSTEM32\edputil.dll
0x00007ffe9bcc0000 - 0x00007ffe9bf51000 	C:\WINDOWS\system32\explorerframe.dll
0x00007ffeab140000 - 0x00007ffeab1a9000 	C:\Windows\System32\oleacc.dll
0x00007ffe9aef0000 - 0x00007ffe9af5e000 	C:\Windows\System32\thumbcache.dll
0x00007ffe60a00000 - 0x00007ffe60aef000 	C:\Windows\System32\Windows.UI.FileExplorer.dll
0x00007ffebb740000 - 0x00007ffebb840000 	C:\Windows\System32\PROPSYS.dll
0x00007ffebb350000 - 0x00007ffebb387000 	C:\WINDOWS\system32\xmllite.dll
0x00007ffe95290000 - 0x00007ffe956d1000 	C:\Windows\System32\uiautomationcore.dll
0x00007ffec0150000 - 0x00007ffec01f2000 	C:\WINDOWS\SYSTEM32\sxs.dll
0x00007ffe92f30000 - 0x00007ffe92f3e000 	C:\WINDOWS\SYSTEM32\atlthunk.dll
0x00007ffe966b0000 - 0x00007ffe96769000 	C:\WINDOWS\System32\StructuredQuery.dll
0x00007ffeb5120000 - 0x00007ffeb513e000 	C:\WINDOWS\SYSTEM32\MPR.dll
0x00007ffe982a0000 - 0x00007ffe9833c000 	C:\Windows\System32\Windows.FileExplorer.Common.dll
0x00007ffebffd0000 - 0x00007ffec001e000 	C:\WINDOWS\SYSTEM32\CFGMGR32.dll
0x00007ffebd750000 - 0x00007ffebd7e7000 	C:\WINDOWS\SYSTEM32\apphelp.dll
0x00007ffe95e20000 - 0x00007ffe95e76000 	C:\Windows\System32\dlnashext.dll
0x00007ffe60990000 - 0x00007ffe609f9000 	C:\Windows\System32\PlayToDevice.dll
0x00007ffe94260000 - 0x00007ffe94281000 	C:\Windows\System32\DevDispItemProvider.dll
0x00007ffeb43e0000 - 0x00007ffeb447d000 	C:\WINDOWS\System32\MMDevApi.dll
0x00007ffebff90000 - 0x00007ffebffc3000 	C:\WINDOWS\System32\DEVOBJ.dll
0x00007ffe9c6c0000 - 0x00007ffe9cb36000 	C:\WINDOWS\system32\windowsudk.shellcommon.dll
0x00007ffeb21a0000 - 0x00007ffeb2314000 	C:\Windows\System32\Windows.UI.dll
0x00007ffe9db80000 - 0x00007ffe9dcf5000 	C:\Windows\System32\Windows.UI.Immersive.dll
0x00007ffe608e0000 - 0x00007ffe60981000 	C:\WINDOWS\system32\wpdshext.dll
0x00007ffeaaf80000 - 0x00007ffeab139000 	C:\WINDOWS\WinSxS\amd64_microsoft.windows.gdiplus_6595b64144ccf1df_1.1.22621.819_none_da30437f1b9d3de1\gdiplus.dll

dbghelp: loaded successfully - version: 4.0.5 - missing functions: none
symbol engine: initialized successfully - sym options: 0x614 - pdb path: .;C:\Users\tomas\.jdks\liberica-19.0.1\bin;C:\WINDOWS\SYSTEM32;C:\WINDOWS\WinSxS\amd64_microsoft.windows.common-controls_6595b64144ccf1df_6.0.22621.608_none_a9444ca7c10bb01d;C:\Users\tomas\.jdks\liberica-19.0.1\bin\server;C:\Program Files\JetBrains\IntelliJ IDEA 2022.2.2\bin;C:\WINDOWS\System32\DriverStore\FileRepository\u0385557.inf_amd64_ec9d8bb56fc39c0b\B385520;C:\Program Files\Common Files\Microsoft Shared\Ink;C:\WINDOWS\WinSxS\amd64_microsoft.windows.gdiplus_6595b64144ccf1df_1.1.22621.819_none_da30437f1b9d3de1;C:\Program Files\Microsoft OneDrive\22.227.1030.0001;C:\Program Files\Google\Drive File Stream\67.0.2.0

VM Arguments:
jvm_args: -javaagent:C:\Program Files\JetBrains\IntelliJ IDEA 2022.2.2\lib\idea_rt.jar=50602:C:\Program Files\JetBrains\IntelliJ IDEA 2022.2.2\bin -Dfile.encoding=UTF-8 -Dsun.stdout.encoding=UTF-8 -Dsun.stderr.encoding=UTF-8 
java_command: Main
java_class_path (initial): G:\Mit drev\Datamatiker\Java\data_from_one_window_to_another2\Mytunes-ny\out\production\Mytunes;C:\Users\tomas\.m2\repository\com\microsoft\sqlserver\mssql-jdbc\11.2.1.jre18\mssql-jdbc-11.2.1.jre18.jar;C:\Users\tomas\.m2\repository\javax\xml\bind\jaxb-api\2.4.0-b180830.0359\jaxb-api-2.4.0-b180830.0359.jar;C:\Users\tomas\.m2\repository\javax\activation\javax.activation-api\1.2.0\javax.activation-api-1.2.0.jar;G:\Mit drev\Datamatiker\Java\data_from_one_window_to_another2\Mytunes-ny\lib\jaudiotagger-2.0.3.jar
Launcher Type: SUN_STANDARD

[Global flags]
     intx CICompilerCount                          = 4                                         {product} {ergonomic}
     uint ConcGCThreads                            = 3                                         {product} {ergonomic}
     uint G1ConcRefinementThreads                  = 10                                        {product} {ergonomic}
   size_t G1HeapRegionSize                         = 4194304                                   {product} {ergonomic}
    uintx GCDrainStackTargetSize                   = 64                                        {product} {ergonomic}
   size_t InitialHeapSize                          = 536870912                                 {product} {ergonomic}
   size_t MarkStackSize                            = 4194304                                   {product} {ergonomic}
   size_t MaxHeapSize                              = 8568963072                                {product} {ergonomic}
   size_t MaxNewSize                               = 5138022400                                {product} {ergonomic}
   size_t MinHeapDeltaBytes                        = 4194304                                   {product} {ergonomic}
   size_t MinHeapSize                              = 8388608                                   {product} {ergonomic}
    uintx NonNMethodCodeHeapSize                   = 5839372                                {pd product} {ergonomic}
    uintx NonProfiledCodeHeapSize                  = 122909434                              {pd product} {ergonomic}
    uintx ProfiledCodeHeapSize                     = 122909434                              {pd product} {ergonomic}
    uintx ReservedCodeCacheSize                    = 251658240                              {pd product} {ergonomic}
     bool SegmentedCodeCache                       = true                                      {product} {ergonomic}
   size_t SoftMaxHeapSize                          = 8568963072                             {manageable} {ergonomic}
     bool UseCompressedClassPointers               = true                           {product lp64_product} {ergonomic}
     bool UseCompressedOops                        = true                           {product lp64_product} {ergonomic}
     bool UseG1GC                                  = true                                      {product} {ergonomic}
     bool UseLargePagesIndividualAllocation        = false                                  {pd product} {ergonomic}

Logging:
Log output configuration:
 #0: stdout all=off uptime,level,tags foldmultilines=false
 #1: stderr all=off uptime,level,tags foldmultilines=false

Environment Variables:
PATH=C:\WINDOWS\system32;C:\WINDOWS;C:\WINDOWS\System32\Wbem;C:\WINDOWS\System32\WindowsPowerShell\v1.0\;C:\WINDOWS\System32\OpenSSH\;C:\Program Files\dotnet\;C:\Program Files\Git\cmd;C:\Program Files (x86)\Microsoft SQL Server\150\DTS\Binn\;C:\Program Files\Azure Data Studio\bin;C:\Users\tomas\AppData\Local\Microsoft\WindowsApps;C:\Program Files\JetBrains\IntelliJ IDEA 2022.2.2\bin;C:\Users\tomas\AppData\Local\JetBrains\Toolbox\scripts;C:\Users\tomas\AppData\Local\GitHubDesktop\bin;C:\Users\tomas\AppData\Local\Programs\Azure Data Studio\bin;C:\Program Files\Azure Data Studio\bin
USERNAME=tomas
OS=Windows_NT
PROCESSOR_IDENTIFIER=AMD64 Family 25 Model 33 Stepping 2, AuthenticAMD
TMP=C:\Users\tomas\AppData\Local\Temp
TEMP=C:\Users\tomas\AppData\Local\Temp



---------------  S Y S T E M  ---------------

OS:
 Windows 11 , 64 bit Build 22621 (10.0.22621.755)
OS uptime: 0 days 0:51 hours

CPU: total 12 (initial active 12) (12 cores per cpu, 2 threads per core) family 25 model 33 stepping 2 microcode 0x0, cx8, cmov, fxsr, ht, mmx, 3dnowpref, sse, sse2, sse3, ssse3, sse4a, sse4.1, sse4.2, popcnt, lzcnt, tsc, tscinvbit, avx, avx2, aes, erms, clmul, bmi1, bmi2, adx, sha, fma, vzeroupper, clflush, clflushopt, rdtscp, rdpid, fsrm

Memory: 4k page, system-wide physical 32678M (23034M free)
TotalPageFile size 35238M (AvailPageFile size 21739M)
current process WorkingSet (physical memory assigned to process): 234M, peak: 241M
current process commit charge ("private bytes"): 305M, peak: 711M

vm_info: OpenJDK 64-Bit Server VM (19.0.1+11) for windows-amd64 JRE (19.0.1+11), built on Oct 19 2022 09:47:43 by "" with MS VC++ 15.9 (VS2017)

END.
